# JRE version: Java(TM) SE Runtime Environment (8.0_251-b08) (build 1.8.0_251-b08)
# Java VM: Java HotSpot(TM) 64-Bit Server VM (25.251-b08 mixed mode windows-amd64 compressed oops)
Heap:
 PSYoungGen      total 35328K, used 8947K [0x00000000eb180000, 0x00000000ef080000, 0x0000000100000000)
  eden space 32768K, 19% used [0x00000000eb180000,0x00000000eb7c0d70,0x00000000ed180000)
  from space 2560K, 99% used [0x00000000ed180000,0x00000000ed3fc020,0x00000000ed400000)
  to   space 8704K, 0% used [0x00000000ee800000,0x00000000ee800000,0x00000000ef080000)
 ParOldGen       total 41472K, used 31537K [0x00000000c1400000, 0x00000000c3c80000, 0x00000000eb180000)
  object space 41472K, 76% used [0x00000000c1400000,0x00000000c32cc518,0x00000000c3c80000)
 Metaspace       used 21065K, capacity 21382K, committed 21884K, reserved 1069056K
  class space    used 2462K, capacity 2563K, committed 2684K, reserved 1048576K
GC Heap History (10 events):
Event: 20.749 GC heap before
{Heap before GC invocations=12 (full 1):
 PSYoungGen      total 35328K, used 736K [0x00000000eb180000, 0x00000000ed680000, 0x0000000100000000)
  eden space 32768K, 0% used [0x00000000eb180000,0x00000000eb180000,0x00000000ed180000)
  from space 2560K, 28% used [0x00000000ed180000,0x00000000ed238000,0x00000000ed400000)
  to   space 2560K, 0% used [0x00000000ed400000,0x00000000ed400000,0x00000000ed680000)
 ParOldGen       total 44032K, used 27231K [0x00000000c1400000, 0x00000000c3f00000, 0x00000000eb180000)
  object space 44032K, 61% used [0x00000000c1400000,0x00000000c2e97e38,0x00000000c3f00000)
 Metaspace       used 20969K, capacity 21310K, committed 21628K, reserved 1069056K
  class space    used 2462K, capacity 2563K, committed 2684K, reserved 1048576K
Event: 20.876 GC heap after
Heap after GC invocations=12 (full 1):
 PSYoungGen      total 35328K, used 0K [0x00000000eb180000, 0x00000000ed680000, 0x0000000100000000)
  eden space 32768K, 0% used [0x00000000eb180000,0x00000000eb180000,0x00000000ed180000)
  from space 2560K, 0% used [0x00000000ed180000,0x00000000ed180000,0x00000000ed400000)
  to   space 2560K, 0% used [0x00000000ed400000,0x00000000ed400000,0x00000000ed680000)
 ParOldGen       total 41472K, used 17191K [0x00000000c1400000, 0x00000000c3c80000, 0x00000000eb180000)
  object space 41472K, 41% used [0x00000000c1400000,0x00000000c24c9e70,0x00000000c3c80000)
 Metaspace       used 20969K, capacity 21310K, committed 21628K, reserved 1069056K
  class space    used 2462K, capacity 2563K, committed 2684K, reserved 1048576K
}
Event: 22.331 GC heap before
{Heap before GC invocations=13 (full 1):
 PSYoungGen      total 35328K, used 32768K [0x00000000eb180000, 0x00000000ed680000, 0x0000000100000000)
  eden space 32768K, 100% used [0x00000000eb180000,0x00000000ed180000,0x00000000ed180000)
  from space 2560K, 0% used [0x00000000ed180000,0x00000000ed180000,0x00000000ed400000)
  to   space 2560K, 0% used [0x00000000ed400000,0x00000000ed400000,0x00000000ed680000)
 ParOldGen       total 41472K, used 17191K [0x00000000c1400000, 0x00000000c3c80000, 0x00000000eb180000)
  object space 41472K, 41% used [0x00000000c1400000,0x00000000c24c9e70,0x00000000c3c80000)
 Metaspace       used 20973K, capacity 21374K, committed 21884K, reserved 1069056K
  class space    used 2462K, capacity 2563K, committed 2684K, reserved 1048576K
Event: 22.347 GC heap after
Heap after GC invocations=13 (full 1):
 PSYoungGen      total 35328K, used 2544K [0x00000000eb180000, 0x00000000ed680000, 0x0000000100000000)
  eden space 32768K, 0% used [0x00000000eb180000,0x00000000eb180000,0x00000000ed180000)
  from space 2560K, 99% used [0x00000000ed400000,0x00000000ed67c020,0x00000000ed680000)
  to   space 2560K, 0% used [0x00000000ed180000,0x00000000ed180000,0x00000000ed400000)
 ParOldGen       total 41472K, used 19207K [0x00000000c1400000, 0x00000000c3c80000, 0x00000000eb180000)
  object space 41472K, 46% used [0x00000000c1400000,0x00000000c26c1fc0,0x00000000c3c80000)
 Metaspace       used 20973K, capacity 21374K, committed 21884K, reserved 1069056K
  class space    used 2462K, capacity 2563K, committed 2684K, reserved 1048576K
}
Event: 23.858 GC heap before
{Heap before GC invocations=14 (full 1):
 PSYoungGen      total 35328K, used 35312K [0x00000000eb180000, 0x00000000ed680000, 0x0000000100000000)
  eden space 32768K, 100% used [0x00000000eb180000,0x00000000ed180000,0x00000000ed180000)
  from space 2560K, 99% used [0x00000000ed400000,0x00000000ed67c020,0x00000000ed680000)
  to   space 2560K, 0% used [0x00000000ed180000,0x00000000ed180000,0x00000000ed400000)
 ParOldGen       total 41472K, used 19207K [0x00000000c1400000, 0x00000000c3c80000, 0x00000000eb180000)
  object space 41472K, 46% used [0x00000000c1400000,0x00000000c26c1fc0,0x00000000c3c80000)
 Metaspace       used 20988K, capacity 21374K, committed 21884K, reserved 1069056K
  class space    used 2462K, capacity 2563K, committed 2684K, reserved 1048576K
Event: 23.869 GC heap after
Heap after GC invocations=14 (full 1):
 PSYoungGen      total 35328K, used 2528K [0x00000000eb180000, 0x00000000ed680000, 0x0000000100000000)
  eden space 32768K, 0% used [0x00000000eb180000,0x00000000eb180000,0x00000000ed180000)
  from space 2560K, 98% used [0x00000000ed180000,0x00000000ed3f8010,0x00000000ed400000)
  to   space 2560K, 0% used [0x00000000ed400000,0x00000000ed400000,0x00000000ed680000)
 ParOldGen       total 41472K, used 22351K [0x00000000c1400000, 0x00000000c3c80000, 0x00000000eb180000)
  object space 41472K, 53% used [0x00000000c1400000,0x00000000c29d3c08,0x00000000c3c80000)
 Metaspace       used 20988K, capacity 21374K, committed 21884K, reserved 1069056K
  class space    used 2462K, capacity 2563K, committed 2684K, reserved 1048576K
}
Event: 25.127 GC heap before
{Heap before GC invocations=15 (full 1):
 PSYoungGen      total 35328K, used 35296K [0x00000000eb180000, 0x00000000ed680000, 0x0000000100000000)
  eden space 32768K, 100% used [0x00000000eb180000,0x00000000ed180000,0x00000000ed180000)
  from space 2560K, 98% used [0x00000000ed180000,0x00000000ed3f8010,0x00000000ed400000)
  to   space 2560K, 0% used [0x00000000ed400000,0x00000000ed400000,0x00000000ed680000)
 ParOldGen       total 41472K, used 22351K [0x00000000c1400000, 0x00000000c3c80000, 0x00000000eb180000)
  object space 41472K, 53% used [0x00000000c1400000,0x00000000c29d3c08,0x00000000c3c80000)
 Metaspace       used 21015K, capacity 21382K, committed 21884K, reserved 1069056K
  class space    used 2462K, capacity 2563K, committed 2684K, reserved 1048576K
Event: 25.140 GC heap after
Heap after GC invocations=15 (full 1):
 PSYoungGen      total 35328K, used 2528K [0x00000000eb180000, 0x00000000ed680000, 0x0000000100000000)
  eden space 32768K, 0% used [0x00000000eb180000,0x00000000eb180000,0x00000000ed180000)
  from space 2560K, 98% used [0x00000000ed400000,0x00000000ed678020,0x00000000ed680000)
  to   space 2560K, 0% used [0x00000000ed180000,0x00000000ed180000,0x00000000ed400000)
 ParOldGen       total 41472K, used 27713K [0x00000000c1400000, 0x00000000c3c80000, 0x00000000eb180000)
  object space 41472K, 66% used [0x00000000c1400000,0x00000000c2f10438,0x00000000c3c80000)
 Metaspace       used 21015K, capacity 21382K, committed 21884K, reserved 1069056K
  class space    used 2462K, capacity 2563K, committed 2684K, reserved 1048576K
}
Event: 26.488 GC heap before
{Heap before GC invocations=16 (full 1):
 PSYoungGen      total 35328K, used 35296K [0x00000000eb180000, 0x00000000ed680000, 0x0000000100000000)
  eden space 32768K, 100% used [0x00000000eb180000,0x00000000ed180000,0x00000000ed180000)
  from space 2560K, 98% used [0x00000000ed400000,0x00000000ed678020,0x00000000ed680000)
  to   space 2560K, 0% used [0x00000000ed180000,0x00000000ed180000,0x00000000ed400000)
 ParOldGen       total 41472K, used 27768K [0x00000000c1400000, 0x00000000c3c80000, 0x00000000eb180000)
  object space 41472K, 66% used [0x00000000c1400000,0x00000000c2f1e3c8,0x00000000c3c80000)
 Metaspace       used 21055K, capacity 21382K, committed 21884K, reserved 1069056K
  class space    used 2462K, capacity 2563K, committed 2684K, reserved 1048576K
Event: 26.500 GC heap after
Heap after GC invocations=16 (full 1):
 PSYoungGen      total 35328K, used 2544K [0x00000000eb180000, 0x00000000ef080000, 0x0000000100000000)
  eden space 32768K, 0% used [0x00000000eb180000,0x00000000eb180000,0x00000000ed180000)
  from space 2560K, 99% used [0x00000000ed180000,0x00000000ed3fc020,0x00000000ed400000)
  to   space 8704K, 0% used [0x00000000ee800000,0x00000000ee800000,0x00000000ef080000)
 ParOldGen       total 41472K, used 31537K [0x00000000c1400000, 0x00000000c3c80000, 0x00000000eb180000)
  object space 41472K, 76% used [0x00000000c1400000,0x00000000c32cc518,0x00000000c3c80000)
 Metaspace       used 21055K, capacity 21382K, committed 21884K, reserved 1069056K
  class space    used 2462K, capacity 2563K, committed 2684K, reserved 1048576K
}

